<?xml version="1.0" encoding="UTF-8"?>
<testsuite xmlns:xsi="http://www.w3.org/2001/XMLSchema-instance" xsi:noNamespaceSchemaLocation="https://maven.apache.org/surefire/maven-surefire-plugin/xsd/surefire-test-report.xsd" name="com.example.store.pos.stream.AppTest" time="0.014" tests="1" errors="0" skipped="0" failures="0">
  <properties>
    <property name="java.specification.version" value="21"/>
    <property name="sun.jnu.encoding" value="UTF-8"/>
    <property name="java.class.path" value="/home/hcladmin/gcp-data-engineer/projects/storePointOfSaleStreamPublisher/target/test-classes:/home/hcladmin/gcp-data-engineer/projects/storePointOfSaleStreamPublisher/target/classes:/home/hcladmin/.m2/repository/com/google/cloud/google-cloud-pubsub/1.117.1/google-cloud-pubsub-1.117.1.jar:/home/hcladmin/.m2/repository/io/grpc/grpc-api/1.45.2/grpc-api-1.45.2.jar:/home/hcladmin/.m2/repository/io/grpc/grpc-context/1.45.2/grpc-context-1.45.2.jar:/home/hcladmin/.m2/repository/io/grpc/grpc-stub/1.45.2/grpc-stub-1.45.2.jar:/home/hcladmin/.m2/repository/io/grpc/grpc-protobuf/1.45.2/grpc-protobuf-1.45.2.jar:/home/hcladmin/.m2/repository/io/grpc/grpc-protobuf-lite/1.45.2/grpc-protobuf-lite-1.45.2.jar:/home/hcladmin/.m2/repository/com/google/api/api-common/2.1.5/api-common-2.1.5.jar:/home/hcladmin/.m2/repository/javax/annotation/javax.annotation-api/1.3.2/javax.annotation-api-1.3.2.jar:/home/hcladmin/.m2/repository/com/google/protobuf/protobuf-java/3.19.6/protobuf-java-3.19.6.jar:/home/hcladmin/.m2/repository/com/google/api/grpc/proto-google-common-protos/2.8.4/proto-google-common-protos-2.8.4.jar:/home/hcladmin/.m2/repository/com/google/auth/google-auth-library-oauth2-http/1.6.0/google-auth-library-oauth2-http-1.6.0.jar:/home/hcladmin/.m2/repository/com/google/auth/google-auth-library-credentials/1.6.0/google-auth-library-credentials-1.6.0.jar:/home/hcladmin/.m2/repository/com/google/http-client/google-http-client-gson/1.41.7/google-http-client-gson-1.41.7.jar:/home/hcladmin/.m2/repository/com/google/api/grpc/proto-google-cloud-pubsub-v1/1.99.1/proto-google-cloud-pubsub-v1-1.99.1.jar:/home/hcladmin/.m2/repository/com/google/api/grpc/proto-google-iam-v1/1.3.1/proto-google-iam-v1-1.3.1.jar:/home/hcladmin/.m2/repository/com/google/guava/guava/31.1-jre/guava-31.1-jre.jar:/home/hcladmin/.m2/repository/com/google/guava/failureaccess/1.0.1/failureaccess-1.0.1.jar:/home/hcladmin/.m2/repository/com/google/guava/listenablefuture/9999.0-empty-to-avoid-conflict-with-guava/listenablefuture-9999.0-empty-to-avoid-conflict-with-guava.jar:/home/hcladmin/.m2/repository/org/checkerframework/checker-qual/3.21.4/checker-qual-3.21.4.jar:/home/hcladmin/.m2/repository/com/google/j2objc/j2objc-annotations/1.3/j2objc-annotations-1.3.jar:/home/hcladmin/.m2/repository/com/google/api/gax/2.16.0/gax-2.16.0.jar:/home/hcladmin/.m2/repository/com/google/api/gax-grpc/2.16.0/gax-grpc-2.16.0.jar:/home/hcladmin/.m2/repository/io/grpc/grpc-alts/1.45.2/grpc-alts-1.45.2.jar:/home/hcladmin/.m2/repository/io/grpc/grpc-grpclb/1.45.2/grpc-grpclb-1.45.2.jar:/home/hcladmin/.m2/repository/com/google/protobuf/protobuf-java-util/3.19.6/protobuf-java-util-3.19.6.jar:/home/hcladmin/.m2/repository/org/conscrypt/conscrypt-openjdk-uber/2.5.1/conscrypt-openjdk-uber-2.5.1.jar:/home/hcladmin/.m2/repository/io/grpc/grpc-auth/1.45.2/grpc-auth-1.45.2.jar:/home/hcladmin/.m2/repository/io/grpc/grpc-netty-shaded/1.45.2/grpc-netty-shaded-1.45.2.jar:/home/hcladmin/.m2/repository/io/grpc/grpc-googleapis/1.45.2/grpc-googleapis-1.45.2.jar:/home/hcladmin/.m2/repository/io/grpc/grpc-xds/1.45.2/grpc-xds-1.45.2.jar:/home/hcladmin/.m2/repository/io/grpc/grpc-services/1.45.2/grpc-services-1.45.2.jar:/home/hcladmin/.m2/repository/com/google/re2j/re2j/1.5/re2j-1.5.jar:/home/hcladmin/.m2/repository/org/bouncycastle/bcpkix-jdk15on/1.67/bcpkix-jdk15on-1.67.jar:/home/hcladmin/.m2/repository/org/bouncycastle/bcprov-jdk15on/1.67/bcprov-jdk15on-1.67.jar:/home/hcladmin/.m2/repository/io/opencensus/opencensus-proto/0.2.0/opencensus-proto-0.2.0.jar:/home/hcladmin/.m2/repository/org/threeten/threetenbp/1.6.0/threetenbp-1.6.0.jar:/home/hcladmin/.m2/repository/com/google/code/findbugs/jsr305/3.0.2/jsr305-3.0.2.jar:/home/hcladmin/.m2/repository/io/opencensus/opencensus-api/0.31.0/opencensus-api-0.31.0.jar:/home/hcladmin/.m2/repository/io/grpc/grpc-core/1.45.2/grpc-core-1.45.2.jar:/home/hcladmin/.m2/repository/com/google/android/annotations/4.1.1.4/annotations-4.1.1.4.jar:/home/hcladmin/.m2/repository/org/codehaus/mojo/animal-sniffer-annotations/1.21/animal-sniffer-annotations-1.21.jar:/home/hcladmin/.m2/repository/io/perfmark/perfmark-api/0.23.0/perfmark-api-0.23.0.jar:/home/hcladmin/.m2/repository/com/google/errorprone/error_prone_annotations/2.13.0/error_prone_annotations-2.13.0.jar:/home/hcladmin/.m2/repository/com/google/auto/value/auto-value-annotations/1.9/auto-value-annotations-1.9.jar:/home/hcladmin/.m2/repository/com/google/http-client/google-http-client/1.41.7/google-http-client-1.41.7.jar:/home/hcladmin/.m2/repository/org/apache/httpcomponents/httpclient/4.5.13/httpclient-4.5.13.jar:/home/hcladmin/.m2/repository/commons-logging/commons-logging/1.2/commons-logging-1.2.jar:/home/hcladmin/.m2/repository/commons-codec/commons-codec/1.15/commons-codec-1.15.jar:/home/hcladmin/.m2/repository/org/apache/httpcomponents/httpcore/4.4.15/httpcore-4.4.15.jar:/home/hcladmin/.m2/repository/io/opencensus/opencensus-contrib-http-util/0.31.0/opencensus-contrib-http-util-0.31.0.jar:/home/hcladmin/.m2/repository/com/google/code/gson/gson/2.8.9/gson-2.8.9.jar:/home/hcladmin/.m2/repository/org/slf4j/slf4j-api/1.7.36/slf4j-api-1.7.36.jar:/home/hcladmin/.m2/repository/ch/qos/logback/logback-classic/1.2.11/logback-classic-1.2.11.jar:/home/hcladmin/.m2/repository/ch/qos/logback/logback-core/1.2.11/logback-core-1.2.11.jar:/home/hcladmin/.m2/repository/junit/junit/4.11/junit-4.11.jar:/home/hcladmin/.m2/repository/org/hamcrest/hamcrest-core/1.3/hamcrest-core-1.3.jar:"/>
    <property name="java.vm.vendor" value="Ubuntu"/>
    <property name="sun.arch.data.model" value="64"/>
    <property name="java.vendor.url" value="https://ubuntu.com/"/>
    <property name="os.name" value="Linux"/>
    <property name="java.vm.specification.version" value="21"/>
    <property name="sun.java.launcher" value="SUN_STANDARD"/>
    <property name="sun.boot.library.path" value="/usr/lib/jvm/java-21-openjdk-arm64/lib"/>
    <property name="sun.java.command" value="/home/hcladmin/gcp-data-engineer/projects/storePointOfSaleStreamPublisher/target/surefire/surefirebooter11152853020730927606.jar /home/hcladmin/gcp-data-engineer/projects/storePointOfSaleStreamPublisher/target/surefire 2025-01-22T23-38-21_790-jvmRun1 surefire12226581155464026179tmp surefire_08671645854194504996tmp"/>
    <property name="jdk.debug" value="release"/>
    <property name="surefire.test.class.path" value="/home/hcladmin/gcp-data-engineer/projects/storePointOfSaleStreamPublisher/target/test-classes:/home/hcladmin/gcp-data-engineer/projects/storePointOfSaleStreamPublisher/target/classes:/home/hcladmin/.m2/repository/com/google/cloud/google-cloud-pubsub/1.117.1/google-cloud-pubsub-1.117.1.jar:/home/hcladmin/.m2/repository/io/grpc/grpc-api/1.45.2/grpc-api-1.45.2.jar:/home/hcladmin/.m2/repository/io/grpc/grpc-context/1.45.2/grpc-context-1.45.2.jar:/home/hcladmin/.m2/repository/io/grpc/grpc-stub/1.45.2/grpc-stub-1.45.2.jar:/home/hcladmin/.m2/repository/io/grpc/grpc-protobuf/1.45.2/grpc-protobuf-1.45.2.jar:/home/hcladmin/.m2/repository/io/grpc/grpc-protobuf-lite/1.45.2/grpc-protobuf-lite-1.45.2.jar:/home/hcladmin/.m2/repository/com/google/api/api-common/2.1.5/api-common-2.1.5.jar:/home/hcladmin/.m2/repository/javax/annotation/javax.annotation-api/1.3.2/javax.annotation-api-1.3.2.jar:/home/hcladmin/.m2/repository/com/google/protobuf/protobuf-java/3.19.6/protobuf-java-3.19.6.jar:/home/hcladmin/.m2/repository/com/google/api/grpc/proto-google-common-protos/2.8.4/proto-google-common-protos-2.8.4.jar:/home/hcladmin/.m2/repository/com/google/auth/google-auth-library-oauth2-http/1.6.0/google-auth-library-oauth2-http-1.6.0.jar:/home/hcladmin/.m2/repository/com/google/auth/google-auth-library-credentials/1.6.0/google-auth-library-credentials-1.6.0.jar:/home/hcladmin/.m2/repository/com/google/http-client/google-http-client-gson/1.41.7/google-http-client-gson-1.41.7.jar:/home/hcladmin/.m2/repository/com/google/api/grpc/proto-google-cloud-pubsub-v1/1.99.1/proto-google-cloud-pubsub-v1-1.99.1.jar:/home/hcladmin/.m2/repository/com/google/api/grpc/proto-google-iam-v1/1.3.1/proto-google-iam-v1-1.3.1.jar:/home/hcladmin/.m2/repository/com/google/guava/guava/31.1-jre/guava-31.1-jre.jar:/home/hcladmin/.m2/repository/com/google/guava/failureaccess/1.0.1/failureaccess-1.0.1.jar:/home/hcladmin/.m2/repository/com/google/guava/listenablefuture/9999.0-empty-to-avoid-conflict-with-guava/listenablefuture-9999.0-empty-to-avoid-conflict-with-guava.jar:/home/hcladmin/.m2/repository/org/checkerframework/checker-qual/3.21.4/checker-qual-3.21.4.jar:/home/hcladmin/.m2/repository/com/google/j2objc/j2objc-annotations/1.3/j2objc-annotations-1.3.jar:/home/hcladmin/.m2/repository/com/google/api/gax/2.16.0/gax-2.16.0.jar:/home/hcladmin/.m2/repository/com/google/api/gax-grpc/2.16.0/gax-grpc-2.16.0.jar:/home/hcladmin/.m2/repository/io/grpc/grpc-alts/1.45.2/grpc-alts-1.45.2.jar:/home/hcladmin/.m2/repository/io/grpc/grpc-grpclb/1.45.2/grpc-grpclb-1.45.2.jar:/home/hcladmin/.m2/repository/com/google/protobuf/protobuf-java-util/3.19.6/protobuf-java-util-3.19.6.jar:/home/hcladmin/.m2/repository/org/conscrypt/conscrypt-openjdk-uber/2.5.1/conscrypt-openjdk-uber-2.5.1.jar:/home/hcladmin/.m2/repository/io/grpc/grpc-auth/1.45.2/grpc-auth-1.45.2.jar:/home/hcladmin/.m2/repository/io/grpc/grpc-netty-shaded/1.45.2/grpc-netty-shaded-1.45.2.jar:/home/hcladmin/.m2/repository/io/grpc/grpc-googleapis/1.45.2/grpc-googleapis-1.45.2.jar:/home/hcladmin/.m2/repository/io/grpc/grpc-xds/1.45.2/grpc-xds-1.45.2.jar:/home/hcladmin/.m2/repository/io/grpc/grpc-services/1.45.2/grpc-services-1.45.2.jar:/home/hcladmin/.m2/repository/com/google/re2j/re2j/1.5/re2j-1.5.jar:/home/hcladmin/.m2/repository/org/bouncycastle/bcpkix-jdk15on/1.67/bcpkix-jdk15on-1.67.jar:/home/hcladmin/.m2/repository/org/bouncycastle/bcprov-jdk15on/1.67/bcprov-jdk15on-1.67.jar:/home/hcladmin/.m2/repository/io/opencensus/opencensus-proto/0.2.0/opencensus-proto-0.2.0.jar:/home/hcladmin/.m2/repository/org/threeten/threetenbp/1.6.0/threetenbp-1.6.0.jar:/home/hcladmin/.m2/repository/com/google/code/findbugs/jsr305/3.0.2/jsr305-3.0.2.jar:/home/hcladmin/.m2/repository/io/opencensus/opencensus-api/0.31.0/opencensus-api-0.31.0.jar:/home/hcladmin/.m2/repository/io/grpc/grpc-core/1.45.2/grpc-core-1.45.2.jar:/home/hcladmin/.m2/repository/com/google/android/annotations/4.1.1.4/annotations-4.1.1.4.jar:/home/hcladmin/.m2/repository/org/codehaus/mojo/animal-sniffer-annotations/1.21/animal-sniffer-annotations-1.21.jar:/home/hcladmin/.m2/repository/io/perfmark/perfmark-api/0.23.0/perfmark-api-0.23.0.jar:/home/hcladmin/.m2/repository/com/google/errorprone/error_prone_annotations/2.13.0/error_prone_annotations-2.13.0.jar:/home/hcladmin/.m2/repository/com/google/auto/value/auto-value-annotations/1.9/auto-value-annotations-1.9.jar:/home/hcladmin/.m2/repository/com/google/http-client/google-http-client/1.41.7/google-http-client-1.41.7.jar:/home/hcladmin/.m2/repository/org/apache/httpcomponents/httpclient/4.5.13/httpclient-4.5.13.jar:/home/hcladmin/.m2/repository/commons-logging/commons-logging/1.2/commons-logging-1.2.jar:/home/hcladmin/.m2/repository/commons-codec/commons-codec/1.15/commons-codec-1.15.jar:/home/hcladmin/.m2/repository/org/apache/httpcomponents/httpcore/4.4.15/httpcore-4.4.15.jar:/home/hcladmin/.m2/repository/io/opencensus/opencensus-contrib-http-util/0.31.0/opencensus-contrib-http-util-0.31.0.jar:/home/hcladmin/.m2/repository/com/google/code/gson/gson/2.8.9/gson-2.8.9.jar:/home/hcladmin/.m2/repository/org/slf4j/slf4j-api/1.7.36/slf4j-api-1.7.36.jar:/home/hcladmin/.m2/repository/ch/qos/logback/logback-classic/1.2.11/logback-classic-1.2.11.jar:/home/hcladmin/.m2/repository/ch/qos/logback/logback-core/1.2.11/logback-core-1.2.11.jar:/home/hcladmin/.m2/repository/junit/junit/4.11/junit-4.11.jar:/home/hcladmin/.m2/repository/org/hamcrest/hamcrest-core/1.3/hamcrest-core-1.3.jar:"/>
    <property name="sun.cpu.endian" value="little"/>
    <property name="user.home" value="/home/hcladmin"/>
    <property name="user.language" value="en"/>
    <property name="java.specification.vendor" value="Oracle Corporation"/>
    <property name="java.version.date" value="2024-10-15"/>
    <property name="java.home" value="/usr/lib/jvm/java-21-openjdk-arm64"/>
    <property name="file.separator" value="/"/>
    <property name="basedir" value="/home/hcladmin/gcp-data-engineer/projects/storePointOfSaleStreamPublisher"/>
    <property name="java.vm.compressedOopsMode" value="Zero based"/>
    <property name="line.separator" value="&#10;"/>
    <property name="java.vm.specification.vendor" value="Oracle Corporation"/>
    <property name="java.specification.name" value="Java Platform API Specification"/>
    <property name="surefire.real.class.path" value="/home/hcladmin/gcp-data-engineer/projects/storePointOfSaleStreamPublisher/target/surefire/surefirebooter11152853020730927606.jar"/>
    <property name="sun.management.compiler" value="HotSpot 64-Bit Tiered Compilers"/>
    <property name="java.runtime.version" value="21.0.5+11-Ubuntu-1ubuntu122.04"/>
    <property name="user.name" value="hcladmin"/>
    <property name="stdout.encoding" value="UTF-8"/>
    <property name="path.separator" value=":"/>
    <property name="os.version" value="5.15.0-127-generic"/>
    <property name="java.runtime.name" value="OpenJDK Runtime Environment"/>
    <property name="file.encoding" value="UTF-8"/>
    <property name="java.vm.name" value="OpenJDK 64-Bit Server VM"/>
    <property name="localRepository" value="/home/hcladmin/.m2/repository"/>
    <property name="java.vendor.url.bug" value="https://bugs.launchpad.net/ubuntu/+source/openjdk-21"/>
    <property name="java.io.tmpdir" value="/tmp"/>
    <property name="java.version" value="21.0.5"/>
    <property name="user.dir" value="/home/hcladmin/gcp-data-engineer/projects/storePointOfSaleStreamPublisher"/>
    <property name="os.arch" value="aarch64"/>
    <property name="java.vm.specification.name" value="Java Virtual Machine Specification"/>
    <property name="native.encoding" value="UTF-8"/>
    <property name="java.library.path" value="/usr/java/packages/lib:/usr/lib/aarch64-linux-gnu/jni:/lib/aarch64-linux-gnu:/usr/lib/aarch64-linux-gnu:/usr/lib/jni:/lib:/usr/lib"/>
    <property name="stderr.encoding" value="UTF-8"/>
    <property name="java.vm.info" value="mixed mode, sharing"/>
    <property name="java.vendor" value="Ubuntu"/>
    <property name="java.vm.version" value="21.0.5+11-Ubuntu-1ubuntu122.04"/>
    <property name="sun.io.unicode.encoding" value="UnicodeLittle"/>
    <property name="java.class.version" value="65.0"/>
  </properties>
  <testcase name="shouldAnswerWithTrue" classname="com.example.store.pos.stream.AppTest" time="0.002"/>
</testsuite>